<?xml version="1.0" encoding="UTF-8"?>
<!-- Generated by org.testng.reporters.JUnitXMLReporter -->
<testsuite hostname="MININT-KHB690S" ignored="0" name="Maven demo testing" tests="17" failures="0" timestamp="09 Jan 2020 19:24:52 GMT" time="19.102" errors="0">
  <testcase name="add" time="0.005" classname="com.qa.test.DemoTest1"/>
  <testcase name="div" time="0.001" classname="com.qa.test.DemoTest1"/>
  <testcase name="mul" time="0.001" classname="com.qa.test.DemoTest1"/>
  <testcase name="sub" time="0.001" classname="com.qa.test.DemoTest1"/>
  <testcase name="loginapp" time="4.703" classname="com.learnautomation.testcases.LoginTestFaceBook"/>
  <testcase name="add" time="0.003" classname="com.qa.test.DemoTest2"/>
  <testcase name="div" time="0.004" classname="com.qa.test.DemoTest2"/>
  <testcase name="mul" time="0.003" classname="com.qa.test.DemoTest2"/>
  <testcase name="sub" time="0.002" classname="com.qa.test.DemoTest2"/>
  <testcase name="add" time="0.002" classname="com.qa.test.DemoTest3"/>
  <testcase name="div" time="0.001" classname="com.qa.test.DemoTest3"/>
  <testcase name="mul" time="0.001" classname="com.qa.test.DemoTest3"/>
  <testcase name="sub" time="0.001" classname="com.qa.test.DemoTest3"/>
  <testcase name="add" time="0.001" classname="com.qa.test.DemoTest4"/>
  <testcase name="div" time="0.0" classname="com.qa.test.DemoTest4"/>
  <testcase name="mul" time="0.001" classname="com.qa.test.DemoTest4"/>
  <testcase name="sub" time="0.001" classname="com.qa.test.DemoTest4"/>
</testsuite> <!-- Maven demo testing -->
