<?xml version="1.0" encoding="UTF-8"?>
<!-- Generated by org.testng.reporters.JUnitXMLReporter -->
<testsuite hostname="DESKTOP-9639S42" ignored="0" name="Maven demo testing" tests="16" failures="0" timestamp="29 Jul 2019 23:27:47 GMT" time="0.05" errors="0">
  <testcase name="add" time="0.008" classname="com.qa.test.DemoTest1"/>
  <testcase name="div" time="0.001" classname="com.qa.test.DemoTest1"/>
  <testcase name="mul" time="0.001" classname="com.qa.test.DemoTest1"/>
  <testcase name="sub" time="0.001" classname="com.qa.test.DemoTest1"/>
  <testcase name="add" time="0.0" classname="com.qa.test.DemoTest2"/>
  <testcase name="div" time="0.001" classname="com.qa.test.DemoTest2"/>
  <testcase name="mul" time="0.001" classname="com.qa.test.DemoTest2"/>
  <testcase name="sub" time="0.0" classname="com.qa.test.DemoTest2"/>
  <testcase name="add" time="0.0" classname="com.qa.test.DemoTest3"/>
  <testcase name="div" time="0.0" classname="com.qa.test.DemoTest3"/>
  <testcase name="mul" time="0.0" classname="com.qa.test.DemoTest3"/>
  <testcase name="sub" time="0.001" classname="com.qa.test.DemoTest3"/>
  <testcase name="add" time="0.001" classname="com.qa.test.DemoTest4"/>
  <testcase name="div" time="0.001" classname="com.qa.test.DemoTest4"/>
  <testcase name="mul" time="0.001" classname="com.qa.test.DemoTest4"/>
  <testcase name="sub" time="0.001" classname="com.qa.test.DemoTest4"/>
</testsuite> <!-- Maven demo testing -->
