<?xml version="1.0" encoding="UTF-8"?>
<!-- Generated by org.testng.reporters.JUnitXMLReporter -->
<testsuite hostname="DESKTOP-9639S42" ignored="0" name="Test" tests="1" failures="1" timestamp="25 Aug 2019 06:37:43 GMT" time="8.031" errors="0">
  <testcase name="loginapp" time="0.036" classname="com.learnautomation.testcases.LoginTestFaceBook">
    <failure type="java.lang.NullPointerException">
      <![CDATA[java.lang.NullPointerException
at com.learnautomation.utility.ExcelDataProvider.getStringData(ExcelDataProvider.java:39)
at com.learnautomation.testcases.LoginTestFaceBook.loginapp(LoginTestFaceBook.java:21)
... Removed 25 stack frames]]>
    </failure>
  </testcase> <!-- loginapp -->
</testsuite> <!-- Test -->
