<?xml version="1.0" encoding="UTF-8"?>
<testng-results skipped="0" failed="0" ignored="0" total="1" passed="1">
  <reporter-output>
  </reporter-output>
  <suite name="Suite" duration-ms="20965" started-at="2019-07-31T20:46:07Z" finished-at="2019-07-31T20:46:28Z">
    <groups>
    </groups>
    <test name="Test" duration-ms="20965" started-at="2019-07-31T20:46:07Z" finished-at="2019-07-31T20:46:28Z">
      <class name="com.learnautomation.testcases.LoginTestFaceBook">
        <test-method status="PASS" signature="setup()[pri:0, instance:com.learnautomation.testcases.LoginTestFaceBook@cb5822]" name="setup" is-config="true" duration-ms="10044" started-at="2019-07-31T20:46:07Z" finished-at="2019-07-31T20:46:17Z">
          <reporter-output>
          </reporter-output>
        </test-method> <!-- setup -->
        <test-method status="PASS" signature="loginapp()[pri:0, instance:com.learnautomation.testcases.LoginTestFaceBook@cb5822]" name="loginapp" duration-ms="10099" started-at="2019-07-31T20:46:17Z" finished-at="2019-07-31T20:46:27Z">
          <reporter-output>
          </reporter-output>
        </test-method> <!-- loginapp -->
        <test-method status="PASS" signature="quitbrowser()[pri:0, instance:com.learnautomation.testcases.LoginTestFaceBook@cb5822]" name="quitbrowser" is-config="true" duration-ms="791" started-at="2019-07-31T20:46:27Z" finished-at="2019-07-31T20:46:28Z">
          <reporter-output>
          </reporter-output>
        </test-method> <!-- quitbrowser -->
      </class> <!-- com.learnautomation.testcases.LoginTestFaceBook -->
    </test> <!-- Test -->
  </suite> <!-- Suite -->
</testng-results>
